<?xml version="1.0" encoding="UTF-8"?>
<testsuite xmlns:xsi="http://www.w3.org/2001/XMLSchema-instance" xsi:noNamespaceSchemaLocation="https://maven.apache.org/surefire/maven-surefire-plugin/xsd/surefire-test-report.xsd" name="com.xxx.cucumber.CucumberTest" time="19.156" tests="3" errors="0" skipped="0" failures="0">
  <properties>
[...]
</properties>
  <testcase name="User gets a created TransactionInfo" classname="User can successfully get, create TransactionInfo and get StatisticInfo" time="1.357"/>
  <testcase name="User gets a created TransactionInfos" classname="User can successfully get, create TransactionInfo and get StatisticInfo" time="0.054"/>
  <testcase name="User gets an existing StatisticInfo" classname="User can successfully get, create TransactionInfo and get StatisticInfo" time="0.018"/>
</testsuite>