<?xml version="1.0" encoding="UTF-8"?>
<testsuite xmlns:xsi="http://www.w3.org/2001/XMLSchema-instance" xsi:noNamespaceSchemaLocation="https://maven.apache.org/surefire/maven-surefire-plugin/xsd/surefire-test-report.xsd" name="com.xxx.service.MathServiceTest" time="2.52" tests="25" errors="0" skipped="0" failures="0">
  <properties>
[...]
</properties>
  <testcase name="add[0: 0, 0, 0]" classname="com.xxx.service.MathServiceTest" time="2.328"/>
  <testcase name="add[1: 0, 5, 5]" classname="com.xxx.service.MathServiceTest" time="0"/>
  <testcase name="add[2: 4, 0, 4]" classname="com.xxx.service.MathServiceTest" time="0"/>
  <testcase name="add[3: 2, 3, 5]" classname="com.xxx.service.MathServiceTest" time="0"/>
  <testcase name="add[4: 5, -2, 3]" classname="com.xxx.service.MathServiceTest" time="0"/>
  <testcase name="add[5: -5, -15, -20]" classname="com.xxx.service.MathServiceTest" time="0.001"/>
  <testcase name="add[6: -5, 5, 0]" classname="com.xxx.service.MathServiceTest" time="0"/>
  <testcase name="max[0: 0, 0, 0]" classname="com.xxx.service.MathServiceTest" time="0"/>
  <testcase name="max[1: 0, 5, 5]" classname="com.xxx.service.MathServiceTest" time="0.001"/>
  <testcase name="max[2: 4, 0, 4]" classname="com.xxx.service.MathServiceTest" time="0.001"/>
  <testcase name="max[3: 2, 3, 3]" classname="com.xxx.service.MathServiceTest" time="0"/>
  <testcase name="max[4: 5, -2, 5]" classname="com.xxx.service.MathServiceTest" time="0"/>
  <testcase name="max[5: -5, -15, -5]" classname="com.xxx.service.MathServiceTest" time="0.001"/>
  <testcase name="min[0: 0, 0, 0]" classname="com.xxx.service.MathServiceTest" time="0.001"/>
  <testcase name="min[1: 0, 5, 0]" classname="com.xxx.service.MathServiceTest" time="0.001"/>
  <testcase name="min[2: 4, 0, 0]" classname="com.xxx.service.MathServiceTest" time="0.001"/>
  <testcase name="min[3: 2, 3, 2]" classname="com.xxx.service.MathServiceTest" time="0.002"/>
  <testcase name="min[4: 5, -2, -2]" classname="com.xxx.service.MathServiceTest" time="0"/>
  <testcase name="min[5: -5, -15, -15]" classname="com.xxx.service.MathServiceTest" time="0"/>
  <testcase name="min[6: -5, 5, -5]" classname="com.xxx.service.MathServiceTest" time="0.002"/>
  <testcase name="pow[0: 0, 0, 0]" classname="com.xxx.service.MathServiceTest" time="0.001"/>
  <testcase name="pow[1: 0, 5, 0]" classname="com.xxx.service.MathServiceTest" time="0"/>
  <testcase name="pow[2: 4, 0, 1]" classname="com.xxx.service.MathServiceTest" time="0"/>
  <testcase name="pow[3: 2, 3, 8]" classname="com.xxx.service.MathServiceTest" time="0.001"/>
  <testcase name="pow[4: 5, -2, 0.04]" classname="com.xxx.service.MathServiceTest" time="0"/>
</testsuite>